<?xml version="1.0" encoding="UTF-8"?>
<testsuite name="be.com.catalogservice.domain.BookValidationTests" tests="2" skipped="0" failures="0" errors="0" timestamp="2025-09-02T02:26:15.977Z" hostname="Chulhanui-MacBookPro.local" time="0.006">
  <properties/>
  <testcase name="whenAllFieldsCorrectThenValidationSucceeds()" classname="be.com.catalogservice.domain.BookValidationTests" time="0.005"/>
  <testcase name="whenIsbnDefinedButIncorrectThenValidationFails()" classname="be.com.catalogservice.domain.BookValidationTests" time="0.001"/>
  <system-out><![CDATA[]]></system-out>
  <system-err><![CDATA[]]></system-err>
</testsuite>
