<?xml version="1.0" encoding="UTF-8"?>
<testsuite name="be.com.catalogservice.web.BookJsonTests" tests="2" skipped="0" failures="0" errors="0" timestamp="2025-09-02T02:26:16.520Z" hostname="Chulhanui-MacBookPro.local" time="0.049">
  <properties/>
  <testcase name="testSerialize()" classname="be.com.catalogservice.web.BookJsonTests" time="0.016"/>
  <testcase name="testDeserialize()" classname="be.com.catalogservice.web.BookJsonTests" time="0.032"/>
  <system-out><![CDATA[2025-09-02T11:26:16.370+09:00  INFO 63386 --- [catalog-service] [    Test worker] t.c.s.AnnotationConfigContextLoaderUtils : Could not detect default configuration classes for test class [be.com.catalogservice.web.BookJsonTests]: BookJsonTests does not declare any static, non-private, non-final, nested classes annotated with @Configuration.
2025-09-02T11:26:16.377+09:00  INFO 63386 --- [catalog-service] [    Test worker] .b.t.c.SpringBootTestContextBootstrapper : Found @SpringBootConfiguration be.com.catalogservice.CatalogServiceApplication for test class be.com.catalogservice.web.BookJsonTests

  .   ____          _            __ _ _
 /\\ / ___'_ __ _ _(_)_ __  __ _ \ \ \ \
( ( )\___ | '_ | '_| | '_ \/ _` | \ \ \ \
 \\/  ___)| |_)| | | | | || (_| |  ) ) ) )
  '  |____| .__|_| |_|_| |_\__, | / / / /
 =========|_|==============|___/=/_/_/_/

 :: Spring Boot ::                (v3.5.4)

2025-09-02T11:26:16.428+09:00  INFO 63386 --- [catalog-service] [    Test worker] b.com.catalogservice.web.BookJsonTests   : Starting BookJsonTests using Java 21.0.6 with PID 63386 (started by chulhanlee in /Users/chulhanlee/Desktop/workspace/study/polar-service/catalog-service)
2025-09-02T11:26:16.428+09:00  INFO 63386 --- [catalog-service] [    Test worker] b.com.catalogservice.web.BookJsonTests   : No active profile set, falling back to 1 default profile: "default"
2025-09-02T11:26:16.431+09:00  INFO 63386 --- [catalog-service] [    Test worker] o.s.c.c.c.ConfigServerConfigDataLoader   : Fetching config from server at : http://localhost:8888
2025-09-02T11:26:16.431+09:00  INFO 63386 --- [catalog-service] [    Test worker] o.s.c.c.c.ConfigServerConfigDataLoader   : Exception on Url - http://localhost:8888:org.springframework.web.client.ResourceAccessException: I/O error on GET request for "http://localhost:8888/catalog-service/default": Connection refused. Will be trying the next url if available
2025-09-02T11:26:16.431+09:00  WARN 63386 --- [catalog-service] [    Test worker] o.s.c.c.c.ConfigServerConfigDataLoader   : Could not locate PropertySource ([ConfigServerConfigDataResource@5d7efdb4 uris = array<String>['http://localhost:8888'], optional = true, profiles = 'default']): I/O error on GET request for "http://localhost:8888/catalog-service/default": Connection refused
2025-09-02T11:26:16.431+09:00  INFO 63386 --- [catalog-service] [    Test worker] o.s.c.c.c.ConfigServerConfigDataLoader   : Fetching config from server at : http://localhost:8888
2025-09-02T11:26:16.431+09:00  INFO 63386 --- [catalog-service] [    Test worker] o.s.c.c.c.ConfigServerConfigDataLoader   : Exception on Url - http://localhost:8888:org.springframework.web.client.ResourceAccessException: I/O error on GET request for "http://localhost:8888/catalog-service/default": Connection refused. Will be trying the next url if available
2025-09-02T11:26:16.431+09:00  WARN 63386 --- [catalog-service] [    Test worker] o.s.c.c.c.ConfigServerConfigDataLoader   : Could not locate PropertySource ([ConfigServerConfigDataResource@579a6e64 uris = array<String>['http://localhost:8888'], optional = true, profiles = 'default']): I/O error on GET request for "http://localhost:8888/catalog-service/default": Connection refused
2025-09-02T11:26:16.431+09:00  INFO 63386 --- [catalog-service] [    Test worker] o.s.c.c.c.ConfigServerConfigDataLoader   : Fetching config from server at : http://localhost:8888
2025-09-02T11:26:16.431+09:00  INFO 63386 --- [catalog-service] [    Test worker] o.s.c.c.c.ConfigServerConfigDataLoader   : Exception on Url - http://localhost:8888:org.springframework.web.client.ResourceAccessException: I/O error on GET request for "http://localhost:8888/catalog-service/default": Connection refused. Will be trying the next url if available
2025-09-02T11:26:16.431+09:00  WARN 63386 --- [catalog-service] [    Test worker] o.s.c.c.c.ConfigServerConfigDataLoader   : Could not locate PropertySource ([ConfigServerConfigDataResource@7e2f0c2e uris = array<String>['http://localhost:8888'], optional = true, profiles = 'default']): I/O error on GET request for "http://localhost:8888/catalog-service/default": Connection refused
2025-09-02T11:26:16.515+09:00  INFO 63386 --- [catalog-service] [    Test worker] b.com.catalogservice.web.BookJsonTests   : Started BookJsonTests in 0.136 seconds (process running for 7.9)
]]></system-out>
  <system-err><![CDATA[]]></system-err>
</testsuite>
