<?xml version="1.0" encoding="UTF-8"?>
<testsuite name="be.com.catalogservice.domain.BookRepositoryJdbcTests" tests="1" skipped="0" failures="0" errors="0" timestamp="2025-09-02T02:26:15.955Z" hostname="Chulhanui-MacBookPro.local" time="0.019">
  <properties/>
  <testcase name="findBookByIsbnWhenExisting()" classname="be.com.catalogservice.domain.BookRepositoryJdbcTests" time="0.019"/>
  <system-out><![CDATA[2025-09-02T11:26:15.749+09:00  INFO 63386 --- [catalog-service] [    Test worker] t.c.s.AnnotationConfigContextLoaderUtils : Could not detect default configuration classes for test class [be.com.catalogservice.domain.BookRepositoryJdbcTests]: BookRepositoryJdbcTests does not declare any static, non-private, non-final, nested classes annotated with @Configuration.
2025-09-02T11:26:15.761+09:00  INFO 63386 --- [catalog-service] [    Test worker] .b.t.c.SpringBootTestContextBootstrapper : Found @SpringBootConfiguration be.com.catalogservice.CatalogServiceApplication for test class be.com.catalogservice.domain.BookRepositoryJdbcTests

  .   ____          _            __ _ _
 /\\ / ___'_ __ _ _(_)_ __  __ _ \ \ \ \
( ( )\___ | '_ | '_| | '_ \/ _` | \ \ \ \
 \\/  ___)| |_)| | | | | || (_| |  ) ) ) )
  '  |____| .__|_| |_|_| |_\__, | / / / /
 =========|_|==============|___/=/_/_/_/

 :: Spring Boot ::                (v3.5.4)

2025-09-02T11:26:15.791+09:00  INFO 63386 --- [catalog-service] [    Test worker] b.c.c.domain.BookRepositoryJdbcTests     : Starting BookRepositoryJdbcTests using Java 21.0.6 with PID 63386 (started by chulhanlee in /Users/chulhanlee/Desktop/workspace/study/polar-service/catalog-service)
2025-09-02T11:26:15.792+09:00  INFO 63386 --- [catalog-service] [    Test worker] b.c.c.domain.BookRepositoryJdbcTests     : The following 1 profile is active: "integration"
2025-09-02T11:26:15.792+09:00  INFO 63386 --- [catalog-service] [    Test worker] o.s.c.c.c.ConfigServerConfigDataLoader   : Fetching config from server at : http://localhost:8888
2025-09-02T11:26:15.792+09:00  INFO 63386 --- [catalog-service] [    Test worker] o.s.c.c.c.ConfigServerConfigDataLoader   : Exception on Url - http://localhost:8888:org.springframework.web.client.ResourceAccessException: I/O error on GET request for "http://localhost:8888/catalog-service/default": Connection refused. Will be trying the next url if available
2025-09-02T11:26:15.792+09:00  WARN 63386 --- [catalog-service] [    Test worker] o.s.c.c.c.ConfigServerConfigDataLoader   : Could not locate PropertySource ([ConfigServerConfigDataResource@54b48b uris = array<String>['http://localhost:8888'], optional = true, profiles = 'default']): I/O error on GET request for "http://localhost:8888/catalog-service/default": Connection refused
2025-09-02T11:26:15.792+09:00  INFO 63386 --- [catalog-service] [    Test worker] o.s.c.c.c.ConfigServerConfigDataLoader   : Fetching config from server at : http://localhost:8888
2025-09-02T11:26:15.792+09:00  INFO 63386 --- [catalog-service] [    Test worker] o.s.c.c.c.ConfigServerConfigDataLoader   : Exception on Url - http://localhost:8888:org.springframework.web.client.ResourceAccessException: I/O error on GET request for "http://localhost:8888/catalog-service/integration": Connection refused. Will be trying the next url if available
2025-09-02T11:26:15.792+09:00  WARN 63386 --- [catalog-service] [    Test worker] o.s.c.c.c.ConfigServerConfigDataLoader   : Could not locate PropertySource ([ConfigServerConfigDataResource@481d6644 uris = array<String>['http://localhost:8888'], optional = true, profiles = 'integration']): I/O error on GET request for "http://localhost:8888/catalog-service/integration": Connection refused
2025-09-02T11:26:15.792+09:00  INFO 63386 --- [catalog-service] [    Test worker] o.s.c.c.c.ConfigServerConfigDataLoader   : Fetching config from server at : http://localhost:8888
2025-09-02T11:26:15.792+09:00  INFO 63386 --- [catalog-service] [    Test worker] o.s.c.c.c.ConfigServerConfigDataLoader   : Exception on Url - http://localhost:8888:org.springframework.web.client.ResourceAccessException: I/O error on GET request for "http://localhost:8888/catalog-service/default": Connection refused. Will be trying the next url if available
2025-09-02T11:26:15.792+09:00  WARN 63386 --- [catalog-service] [    Test worker] o.s.c.c.c.ConfigServerConfigDataLoader   : Could not locate PropertySource ([ConfigServerConfigDataResource@3d3362f5 uris = array<String>['http://localhost:8888'], optional = true, profiles = 'default']): I/O error on GET request for "http://localhost:8888/catalog-service/default": Connection refused
2025-09-02T11:26:15.856+09:00  INFO 63386 --- [catalog-service] [    Test worker] .s.d.r.c.RepositoryConfigurationDelegate : Bootstrapping Spring Data JDBC repositories in DEFAULT mode.
2025-09-02T11:26:15.860+09:00  INFO 63386 --- [catalog-service] [    Test worker] .s.d.r.c.RepositoryConfigurationDelegate : Finished Spring Data repository scanning in 2 ms. Found 1 JDBC repository interface.
2025-09-02T11:26:15.889+09:00  INFO 63386 --- [catalog-service] [    Test worker] com.zaxxer.hikari.HikariDataSource       : HikariPool-2 - Starting...
2025-09-02T11:26:15.903+09:00  INFO 63386 --- [catalog-service] [    Test worker] com.zaxxer.hikari.pool.HikariPool        : HikariPool-2 - Added connection org.testcontainers.jdbc.ConnectionWrapper@b96101b
2025-09-02T11:26:15.903+09:00  INFO 63386 --- [catalog-service] [    Test worker] com.zaxxer.hikari.HikariDataSource       : HikariPool-2 - Start completed.
2025-09-02T11:26:15.905+09:00  INFO 63386 --- [catalog-service] [    Test worker] org.flywaydb.core.FlywayExecutor         : Database: jdbc:postgresql://localhost:60710/test?loggerLevel=OFF (PostgreSQL 14.4)
2025-09-02T11:26:15.918+09:00  INFO 63386 --- [catalog-service] [    Test worker] o.f.core.internal.command.DbValidate     : Successfully validated 2 migrations (execution time 00:00.005s)
2025-09-02T11:26:15.934+09:00  INFO 63386 --- [catalog-service] [    Test worker] o.f.core.internal.command.DbMigrate      : Current version of schema "public": 2
2025-09-02T11:26:15.935+09:00  INFO 63386 --- [catalog-service] [    Test worker] o.f.core.internal.command.DbMigrate      : Schema "public" is up to date. No migration necessary.
2025-09-02T11:26:15.954+09:00  INFO 63386 --- [catalog-service] [    Test worker] b.c.c.domain.BookRepositoryJdbcTests     : Started BookRepositoryJdbcTests in 0.191 seconds (process running for 7.339)
]]></system-out>
  <system-err><![CDATA[]]></system-err>
</testsuite>
