<?xml version="1.0" encoding="UTF-8"?>
<testsuite name="be.com.catalogservice.web.BookControllerMvcTests" tests="1" skipped="0" failures="0" errors="0" timestamp="2025-09-02T02:26:16.317Z" hostname="Chulhanui-MacBookPro.local" time="0.047">
  <properties/>
  <testcase name="whenGetBookNotExistingThenShouldReturn404()" classname="be.com.catalogservice.web.BookControllerMvcTests" time="0.047"/>
  <system-out><![CDATA[2025-09-02T11:26:15.987+09:00  INFO 63386 --- [catalog-service] [    Test worker] t.c.s.AnnotationConfigContextLoaderUtils : Could not detect default configuration classes for test class [be.com.catalogservice.web.BookControllerMvcTests]: BookControllerMvcTests does not declare any static, non-private, non-final, nested classes annotated with @Configuration.
2025-09-02T11:26:15.995+09:00  INFO 63386 --- [catalog-service] [    Test worker] .b.t.c.SpringBootTestContextBootstrapper : Found @SpringBootConfiguration be.com.catalogservice.CatalogServiceApplication for test class be.com.catalogservice.web.BookControllerMvcTests

  .   ____          _            __ _ _
 /\\ / ___'_ __ _ _(_)_ __  __ _ \ \ \ \
( ( )\___ | '_ | '_| | '_ \/ _` | \ \ \ \
 \\/  ___)| |_)| | | | | || (_| |  ) ) ) )
  '  |____| .__|_| |_|_| |_\__, | / / / /
 =========|_|==============|___/=/_/_/_/

 :: Spring Boot ::                (v3.5.4)

2025-09-02T11:26:16.026+09:00  INFO 63386 --- [catalog-service] [    Test worker] b.c.c.web.BookControllerMvcTests         : Starting BookControllerMvcTests using Java 21.0.6 with PID 63386 (started by chulhanlee in /Users/chulhanlee/Desktop/workspace/study/polar-service/catalog-service)
2025-09-02T11:26:16.026+09:00  INFO 63386 --- [catalog-service] [    Test worker] b.c.c.web.BookControllerMvcTests         : No active profile set, falling back to 1 default profile: "default"
2025-09-02T11:26:16.026+09:00  INFO 63386 --- [catalog-service] [    Test worker] o.s.c.c.c.ConfigServerConfigDataLoader   : Fetching config from server at : http://localhost:8888
2025-09-02T11:26:16.027+09:00  INFO 63386 --- [catalog-service] [    Test worker] o.s.c.c.c.ConfigServerConfigDataLoader   : Exception on Url - http://localhost:8888:org.springframework.web.client.ResourceAccessException: I/O error on GET request for "http://localhost:8888/catalog-service/default": Connection refused. Will be trying the next url if available
2025-09-02T11:26:16.027+09:00  WARN 63386 --- [catalog-service] [    Test worker] o.s.c.c.c.ConfigServerConfigDataLoader   : Could not locate PropertySource ([ConfigServerConfigDataResource@65bf5c38 uris = array<String>['http://localhost:8888'], optional = true, profiles = 'default']): I/O error on GET request for "http://localhost:8888/catalog-service/default": Connection refused
2025-09-02T11:26:16.027+09:00  INFO 63386 --- [catalog-service] [    Test worker] o.s.c.c.c.ConfigServerConfigDataLoader   : Fetching config from server at : http://localhost:8888
2025-09-02T11:26:16.027+09:00  INFO 63386 --- [catalog-service] [    Test worker] o.s.c.c.c.ConfigServerConfigDataLoader   : Exception on Url - http://localhost:8888:org.springframework.web.client.ResourceAccessException: I/O error on GET request for "http://localhost:8888/catalog-service/default": Connection refused. Will be trying the next url if available
2025-09-02T11:26:16.027+09:00  WARN 63386 --- [catalog-service] [    Test worker] o.s.c.c.c.ConfigServerConfigDataLoader   : Could not locate PropertySource ([ConfigServerConfigDataResource@70347322 uris = array<String>['http://localhost:8888'], optional = true, profiles = 'default']): I/O error on GET request for "http://localhost:8888/catalog-service/default": Connection refused
2025-09-02T11:26:16.027+09:00  INFO 63386 --- [catalog-service] [    Test worker] o.s.c.c.c.ConfigServerConfigDataLoader   : Fetching config from server at : http://localhost:8888
2025-09-02T11:26:16.027+09:00  INFO 63386 --- [catalog-service] [    Test worker] o.s.c.c.c.ConfigServerConfigDataLoader   : Exception on Url - http://localhost:8888:org.springframework.web.client.ResourceAccessException: I/O error on GET request for "http://localhost:8888/catalog-service/default": Connection refused. Will be trying the next url if available
2025-09-02T11:26:16.027+09:00  WARN 63386 --- [catalog-service] [    Test worker] o.s.c.c.c.ConfigServerConfigDataLoader   : Could not locate PropertySource ([ConfigServerConfigDataResource@5a342baf uris = array<String>['http://localhost:8888'], optional = true, profiles = 'default']): I/O error on GET request for "http://localhost:8888/catalog-service/default": Connection refused
2025-09-02T11:26:16.293+09:00  INFO 63386 --- [catalog-service] [    Test worker] o.s.b.t.m.w.SpringBootMockServletContext : Initializing Spring TestDispatcherServlet ''
2025-09-02T11:26:16.293+09:00  INFO 63386 --- [catalog-service] [    Test worker] o.s.t.web.servlet.TestDispatcherServlet  : Initializing Servlet ''
2025-09-02T11:26:16.294+09:00  INFO 63386 --- [catalog-service] [    Test worker] o.s.t.web.servlet.TestDispatcherServlet  : Completed initialization in 1 ms
2025-09-02T11:26:16.313+09:00  INFO 63386 --- [catalog-service] [    Test worker] b.c.c.web.BookControllerMvcTests         : Started BookControllerMvcTests in 0.315 seconds (process running for 7.698)
]]></system-out>
  <system-err><![CDATA[]]></system-err>
</testsuite>
