<?xml version="1.0" encoding="UTF-8"?>
<testsuite name="be.com.catalogservice.CatalogServiceApplicationTests" tests="2" skipped="0" failures="0" errors="0" timestamp="2025-09-02T02:26:14.961Z" hostname="Chulhanui-MacBookPro.local" time="0.785">
  <properties/>
  <testcase name="whenPostRequestThenBookCreated()" classname="be.com.catalogservice.CatalogServiceApplicationTests" time="0.782"/>
  <testcase name="contextLoads()" classname="be.com.catalogservice.CatalogServiceApplicationTests" time="0.002"/>
  <system-out><![CDATA[11:26:09.091 [Test worker] INFO org.springframework.test.context.support.AnnotationConfigContextLoaderUtils -- Could not detect default configuration classes for test class [be.com.catalogservice.CatalogServiceApplicationTests]: CatalogServiceApplicationTests does not declare any static, non-private, non-final, nested classes annotated with @Configuration.
11:26:09.153 [Test worker] INFO org.springframework.boot.test.context.SpringBootTestContextBootstrapper -- Found @SpringBootConfiguration be.com.catalogservice.CatalogServiceApplication for test class be.com.catalogservice.CatalogServiceApplicationTests

  .   ____          _            __ _ _
 /\\ / ___'_ __ _ _(_)_ __  __ _ \ \ \ \
( ( )\___ | '_ | '_| | '_ \/ _` | \ \ \ \
 \\/  ___)| |_)| | | | | || (_| |  ) ) ) )
  '  |____| .__|_| |_|_| |_\__, | / / / /
 =========|_|==============|___/=/_/_/_/

 :: Spring Boot ::                (v3.5.4)

2025-09-02T11:26:09.780+09:00  INFO 63386 --- [catalog-service] [    Test worker] b.c.c.CatalogServiceApplicationTests     : Starting CatalogServiceApplicationTests using Java 21.0.6 with PID 63386 (started by chulhanlee in /Users/chulhanlee/Desktop/workspace/study/polar-service/catalog-service)
2025-09-02T11:26:09.781+09:00  INFO 63386 --- [catalog-service] [    Test worker] b.c.c.CatalogServiceApplicationTests     : The following 1 profile is active: "integration"
2025-09-02T11:26:09.790+09:00  INFO 63386 --- [catalog-service] [    Test worker] o.s.c.c.c.ConfigServerConfigDataLoader   : Fetching config from server at : http://localhost:8888
2025-09-02T11:26:09.790+09:00  INFO 63386 --- [catalog-service] [    Test worker] o.s.c.c.c.ConfigServerConfigDataLoader   : Exception on Url - http://localhost:8888:org.springframework.web.client.ResourceAccessException: I/O error on GET request for "http://localhost:8888/catalog-service/default": Connection refused. Will be trying the next url if available
2025-09-02T11:26:09.790+09:00  WARN 63386 --- [catalog-service] [    Test worker] o.s.c.c.c.ConfigServerConfigDataLoader   : Could not locate PropertySource ([ConfigServerConfigDataResource@3ae126d1 uris = array<String>['http://localhost:8888'], optional = true, profiles = 'default']): I/O error on GET request for "http://localhost:8888/catalog-service/default": Connection refused
2025-09-02T11:26:09.790+09:00  INFO 63386 --- [catalog-service] [    Test worker] o.s.c.c.c.ConfigServerConfigDataLoader   : Fetching config from server at : http://localhost:8888
2025-09-02T11:26:09.790+09:00  INFO 63386 --- [catalog-service] [    Test worker] o.s.c.c.c.ConfigServerConfigDataLoader   : Exception on Url - http://localhost:8888:org.springframework.web.client.ResourceAccessException: I/O error on GET request for "http://localhost:8888/catalog-service/integration": Connection refused. Will be trying the next url if available
2025-09-02T11:26:09.790+09:00  WARN 63386 --- [catalog-service] [    Test worker] o.s.c.c.c.ConfigServerConfigDataLoader   : Could not locate PropertySource ([ConfigServerConfigDataResource@7c2dfa2 uris = array<String>['http://localhost:8888'], optional = true, profiles = 'integration']): I/O error on GET request for "http://localhost:8888/catalog-service/integration": Connection refused
2025-09-02T11:26:09.790+09:00  INFO 63386 --- [catalog-service] [    Test worker] o.s.c.c.c.ConfigServerConfigDataLoader   : Fetching config from server at : http://localhost:8888
2025-09-02T11:26:09.790+09:00  INFO 63386 --- [catalog-service] [    Test worker] o.s.c.c.c.ConfigServerConfigDataLoader   : Exception on Url - http://localhost:8888:org.springframework.web.client.ResourceAccessException: I/O error on GET request for "http://localhost:8888/catalog-service/default": Connection refused. Will be trying the next url if available
2025-09-02T11:26:09.790+09:00  WARN 63386 --- [catalog-service] [    Test worker] o.s.c.c.c.ConfigServerConfigDataLoader   : Could not locate PropertySource ([ConfigServerConfigDataResource@661d88a uris = array<String>['http://localhost:8888'], optional = true, profiles = 'default']): I/O error on GET request for "http://localhost:8888/catalog-service/default": Connection refused
2025-09-02T11:26:10.234+09:00  INFO 63386 --- [catalog-service] [    Test worker] .s.d.r.c.RepositoryConfigurationDelegate : Bootstrapping Spring Data JDBC repositories in DEFAULT mode.
2025-09-02T11:26:10.295+09:00  INFO 63386 --- [catalog-service] [    Test worker] .s.d.r.c.RepositoryConfigurationDelegate : Finished Spring Data repository scanning in 58 ms. Found 1 JDBC repository interface.
2025-09-02T11:26:10.375+09:00  INFO 63386 --- [catalog-service] [    Test worker] o.s.cloud.context.scope.GenericScope     : BeanFactory id=de426e15-5a33-3360-bd0c-9a750e7eeb01
2025-09-02T11:26:10.546+09:00  INFO 63386 --- [catalog-service] [    Test worker] o.s.b.w.embedded.tomcat.TomcatWebServer  : Tomcat initialized with port 0 (http)
2025-09-02T11:26:10.555+09:00  INFO 63386 --- [catalog-service] [    Test worker] o.apache.catalina.core.StandardService   : Starting service [Tomcat]
2025-09-02T11:26:10.556+09:00  INFO 63386 --- [catalog-service] [    Test worker] o.apache.catalina.core.StandardEngine    : Starting Servlet engine: [Apache Tomcat/10.1.43]
2025-09-02T11:26:10.594+09:00  INFO 63386 --- [catalog-service] [    Test worker] o.a.c.c.C.[Tomcat].[localhost].[/]       : Initializing Spring embedded WebApplicationContext
2025-09-02T11:26:10.595+09:00  INFO 63386 --- [catalog-service] [    Test worker] w.s.c.ServletWebServerApplicationContext : Root WebApplicationContext: initialization completed in 804 ms
2025-09-02T11:26:10.744+09:00  INFO 63386 --- [catalog-service] [    Test worker] com.zaxxer.hikari.HikariDataSource       : HikariPool-1 - Starting...
2025-09-02T11:26:10.766+09:00  INFO 63386 --- [catalog-service] [    Test worker] org.testcontainers.images.PullPolicy     : Image pull policy will be performed by: DefaultPullPolicy()
2025-09-02T11:26:10.767+09:00  INFO 63386 --- [catalog-service] [    Test worker] o.t.utility.ImageNameSubstitutor         : Image name substitution will be performed by: DefaultImageNameSubstitutor (composite of 'ConfigurationFileImageNameSubstitutor' and 'PrefixingImageNameSubstitutor')
2025-09-02T11:26:10.771+09:00  INFO 63386 --- [catalog-service] [    Test worker] org.testcontainers.DockerClientFactory   : Testcontainers version: 1.21.3
2025-09-02T11:26:10.860+09:00  INFO 63386 --- [catalog-service] [    Test worker] o.t.d.DockerClientProviderStrategy       : Loaded org.testcontainers.dockerclient.UnixSocketClientProviderStrategy from ~/.testcontainers.properties, will try it first
2025-09-02T11:26:11.048+09:00  INFO 63386 --- [catalog-service] [    Test worker] o.t.d.DockerClientProviderStrategy       : Found Docker environment with local Unix socket (unix:///var/run/docker.sock)
2025-09-02T11:26:11.048+09:00  INFO 63386 --- [catalog-service] [    Test worker] org.testcontainers.DockerClientFactory   : Docker host IP address is localhost
2025-09-02T11:26:11.083+09:00  INFO 63386 --- [catalog-service] [    Test worker] org.testcontainers.DockerClientFactory   : Connected to docker: 
  Server Version: 27.4.0
  API Version: 1.47
  Operating System: Docker Desktop
  Total Memory: 7837 MB
  Labels: 
    com.docker.desktop.address=unix:///Users/chulhanlee/Library/Containers/com.docker.docker/Data/docker-cli.sock
2025-09-02T11:26:11.422+09:00  INFO 63386 --- [catalog-service] [    Test worker] tc.testcontainers/ryuk:0.12.0            : Creating container for image: testcontainers/ryuk:0.12.0
2025-09-02T11:26:11.772+09:00  INFO 63386 --- [catalog-service] [    Test worker] tc.testcontainers/ryuk:0.12.0            : Container testcontainers/ryuk:0.12.0 is starting: a489a8d26d48f4aa7b005db8e358b02f68fd7220638ea87978bebbb8a3c02e73
2025-09-02T11:26:12.367+09:00  INFO 63386 --- [catalog-service] [    Test worker] tc.testcontainers/ryuk:0.12.0            : Container testcontainers/ryuk:0.12.0 started in PT0.945356S
2025-09-02T11:26:12.374+09:00  INFO 63386 --- [catalog-service] [    Test worker] o.t.utility.RyukResourceReaper           : Ryuk started - will monitor and terminate Testcontainers containers on JVM exit
2025-09-02T11:26:12.374+09:00  INFO 63386 --- [catalog-service] [    Test worker] org.testcontainers.DockerClientFactory   : Checking the system...
2025-09-02T11:26:12.374+09:00  INFO 63386 --- [catalog-service] [    Test worker] org.testcontainers.DockerClientFactory   : ✔︎ Docker server version should be at least 1.6.0
2025-09-02T11:26:12.375+09:00  INFO 63386 --- [catalog-service] [    Test worker] tc.postgres:14.4                         : Creating container for image: postgres:14.4
2025-09-02T11:26:12.429+09:00  INFO 63386 --- [catalog-service] [    Test worker] tc.postgres:14.4                         : Container postgres:14.4 is starting: 5443c380d39a6e0d44332b2ae3faca64a43d1b4f0d2101edbf61618edfc16467
2025-09-02T11:26:14.091+09:00  INFO 63386 --- [catalog-service] [    Test worker] tc.postgres:14.4                         : Container postgres:14.4 started in PT1.716698S
2025-09-02T11:26:14.093+09:00  INFO 63386 --- [catalog-service] [    Test worker] tc.postgres:14.4                         : Container is started (JDBC URL: jdbc:postgresql://localhost:60710/test?loggerLevel=OFF)
2025-09-02T11:26:14.199+09:00  INFO 63386 --- [catalog-service] [    Test worker] com.zaxxer.hikari.pool.HikariPool        : HikariPool-1 - Added connection org.testcontainers.jdbc.ConnectionWrapper@4bba2704
2025-09-02T11:26:14.200+09:00  INFO 63386 --- [catalog-service] [    Test worker] com.zaxxer.hikari.HikariDataSource       : HikariPool-1 - Start completed.
2025-09-02T11:26:14.220+09:00  INFO 63386 --- [catalog-service] [    Test worker] org.flywaydb.core.FlywayExecutor         : Database: jdbc:postgresql://localhost:60710/test?loggerLevel=OFF (PostgreSQL 14.4)
2025-09-02T11:26:14.254+09:00  INFO 63386 --- [catalog-service] [    Test worker] o.f.c.i.s.JdbcTableSchemaHistory         : Schema history table "public"."flyway_schema_history" does not exist yet
2025-09-02T11:26:14.256+09:00  INFO 63386 --- [catalog-service] [    Test worker] o.f.core.internal.command.DbValidate     : Successfully validated 2 migrations (execution time 00:00.010s)
2025-09-02T11:26:14.271+09:00  INFO 63386 --- [catalog-service] [    Test worker] o.f.c.i.s.JdbcTableSchemaHistory         : Creating Schema History table "public"."flyway_schema_history" ...
2025-09-02T11:26:14.307+09:00  INFO 63386 --- [catalog-service] [    Test worker] o.f.core.internal.command.DbMigrate      : Current version of schema "public": << Empty Schema >>
2025-09-02T11:26:14.312+09:00  INFO 63386 --- [catalog-service] [    Test worker] o.f.core.internal.command.DbMigrate      : Migrating schema "public" to version "1 - Initial schema"
2025-09-02T11:26:14.329+09:00  INFO 63386 --- [catalog-service] [    Test worker] o.f.core.internal.command.DbMigrate      : Migrating schema "public" to version "2 - Add publisher column"
2025-09-02T11:26:14.341+09:00  INFO 63386 --- [catalog-service] [    Test worker] o.f.core.internal.command.DbMigrate      : Successfully applied 2 migrations to schema "public", now at version v2 (execution time 00:00.009s)
2025-09-02T11:26:14.702+09:00  INFO 63386 --- [catalog-service] [    Test worker] o.s.b.a.e.web.EndpointLinksResolver      : Exposing 1 endpoint beneath base path '/actuator'
2025-09-02T11:26:14.841+09:00  INFO 63386 --- [catalog-service] [    Test worker] o.s.b.w.embedded.tomcat.TomcatWebServer  : Tomcat started on port 60718 (http) with context path '/'
2025-09-02T11:26:14.860+09:00  INFO 63386 --- [catalog-service] [    Test worker] b.c.c.CatalogServiceApplicationTests     : Started CatalogServiceApplicationTests in 5.525 seconds (process running for 6.245)
2025-09-02T11:26:15.456+09:00 ERROR 63386 --- [catalog-service] [    Test worker] i.n.r.d.DnsServerAddressStreamProviders  : Unable to load io.netty.resolver.dns.macos.MacOSDnsServerAddressStreamProvider, fallback to system defaults. This may result in incorrect DNS resolutions on MacOS. Check whether you have a dependency on 'io.netty:netty-resolver-dns-native-macos'. Use DEBUG level to see the full stack: java.lang.UnsatisfiedLinkError: failed to load the required native library
2025-09-02T11:26:15.577+09:00  INFO 63386 --- [catalog-service] [o-auto-1-exec-1] o.a.c.c.C.[Tomcat].[localhost].[/]       : Initializing Spring DispatcherServlet 'dispatcherServlet'
2025-09-02T11:26:15.578+09:00  INFO 63386 --- [catalog-service] [o-auto-1-exec-1] o.s.web.servlet.DispatcherServlet        : Initializing Servlet 'dispatcherServlet'
2025-09-02T11:26:15.578+09:00  INFO 63386 --- [catalog-service] [o-auto-1-exec-1] o.s.web.servlet.DispatcherServlet        : Completed initialization in 0 ms
]]></system-out>
  <system-err><![CDATA[Mockito is currently self-attaching to enable the inline-mock-maker. This will no longer work in future releases of the JDK. Please add Mockito as an agent to your build as described in Mockito's documentation: https://javadoc.io/doc/org.mockito/mockito-core/latest/org.mockito/org/mockito/Mockito.html#0.3
WARNING: A Java agent has been loaded dynamically (/Users/chulhanlee/.gradle/caches/modules-2/files-2.1/net.bytebuddy/byte-buddy-agent/1.17.6/17b32fd9f57deef02842f7f05abc4ad8127fe34e/byte-buddy-agent-1.17.6.jar)
WARNING: If a serviceability tool is in use, please run with -XX:+EnableDynamicAgentLoading to hide this warning
WARNING: If a serviceability tool is not in use, please run with -Djdk.instrument.traceUsage for more information
WARNING: Dynamic loading of agents will be disallowed by default in a future release
]]></system-err>
</testsuite>
